#
# There is insufficient memory for the Java Runtime Environment to continue.
# Native memory allocation (mmap) failed to map 102760448 bytes for G1 virtual space
# Possible reasons:
#   The system is out of physical RAM or swap space
#   The process is running with CompressedOops enabled, and the Java Heap may be blocking the growth of the native heap
# Possible solutions:
#   Reduce memory load on the system
#   Increase physical memory or swap space
#   Check if swap backing store is full
#   Decrease Java heap size (-Xmx/-Xms)
#   Decrease number of Java threads
#   Decrease Java thread stack sizes (-Xss)
#   Set larger code cache with -XX:ReservedCodeCacheSize=
#   JVM is running with Zero Based Compressed Oops mode in which the Java heap is
#     placed in the first 32GB address space. The Java Heap base address is the
#     maximum limit for the native heap growth. Please use -XX:HeapBaseMinAddress
#     to set the Java Heap base and to place the Java Heap above 32GB virtual address.
# This output file may be truncated or incomplete.
#
#  Out of Memory Error (os_windows.cpp:3548), pid=29304, tid=900
#
# JRE version: Java(TM) SE Runtime Environment (17.0.12+8) (build 17.0.12+8-LTS-286)
# Java VM: Java HotSpot(TM) 64-Bit Server VM (17.0.12+8-LTS-286, mixed mode, sharing, tiered, compressed oops, compressed class ptrs, g1 gc, windows-amd64)
# No core dump will be written. Minidumps are not enabled by default on client versions of Windows
#

---------------  S U M M A R Y ------------

Command Line: -ea -Dfile.encoding=UTF-8 -Dstdout.encoding=UTF-8 -Dstderr.encoding=UTF-8 -XX:+ShowCodeDetailsInExceptionMessages --add-opens=jdk.compiler/com.sun.tools.javac.processing=ALL-UNNAMED org.testng.remote.RemoteTestNG -serport 56851 -protocol json -d D:\Core Modules\Capium_BK_3.0\test-output C:\Users\user\AppData\Local\Temp\testng-eclipse--1452780949\testng-customsuite.xml

Host: Intel(R) Core(TM) i5-8350U CPU @ 1.70GHz, 8 cores, 15G,  Windows 10 , 64 bit Build 19041 (10.0.19041.5794)
Time: Wed Jun  4 19:12:16 2025 India Standard Time elapsed time: 24.187273 seconds (0d 0h 0m 24s)

---------------  T H R E A D  ---------------

Current thread (0x000001317f2751c0):  VMThread "VM Thread" [stack: 0x0000000678a00000,0x0000000678b00000] [id=900]

Stack: [0x0000000678a00000,0x0000000678b00000]
Native frames: (J=compiled Java code, j=interpreted, Vv=VM code, C=native code)
V  [jvm.dll+0x67a04a]
V  [jvm.dll+0x7da4ed]
V  [jvm.dll+0x7dbe33]
V  [jvm.dll+0x7dc4a3]
V  [jvm.dll+0x24508f]
V  [jvm.dll+0x677089]
V  [jvm.dll+0x66bd32]
V  [jvm.dll+0x301fa6]
V  [jvm.dll+0x309546]
V  [jvm.dll+0x359d2e]
V  [jvm.dll+0x359f5f]
V  [jvm.dll+0x2d9078]
V  [jvm.dll+0x2d74ad]
V  [jvm.dll+0x2d6afc]
V  [jvm.dll+0x31a65b]
V  [jvm.dll+0x7e0d9b]
V  [jvm.dll+0x7e1ad4]
V  [jvm.dll+0x7e1fed]
V  [jvm.dll+0x7e23c4]
V  [jvm.dll+0x7e2490]
V  [jvm.dll+0x78abea]
V  [jvm.dll+0x678f35]
C  [ucrtbase.dll+0x21bb2]
C  [KERNEL32.DLL+0x17374]
C  [ntdll.dll+0x4cc91]

VM_Operation (0x00000006784f9f00): G1CollectForAllocation, mode: safepoint, requested by thread 0x000001317ac4a6d0


---------------  P R O C E S S  ---------------

Threads class SMR info:
_java_thread_list=0x00000131665ddb90, length=27, elements={
0x000001317ac4a6d0, 0x000001317f27cd50, 0x000001317f280290, 0x000001317f2914a0,
0x000001317f294a30, 0x000001317f295aa0, 0x000001317f29a010, 0x000001317f29acc0,
0x000001317f29e9d0, 0x000001311e808c40, 0x000001311e95f900, 0x000001311e966620,
0x00000131643a0dc0, 0x000001311ea25960, 0x00000131652d7580, 0x00000131652d7070,
0x00000131652d9e00, 0x00000131652d84b0, 0x00000131652d98f0, 0x00000131652d89c0,
0x00000131652d93e0, 0x00000131652d7a90, 0x00000131652d7fa0, 0x00000131652da310,
0x00000131652da820, 0x0000013165eb5430, 0x00000131655cb400
}

Java Threads: ( => current thread )
  0x000001317ac4a6d0 JavaThread "main" [_thread_blocked, id=4384, stack(0x0000000678400000,0x0000000678500000)]
  0x000001317f27cd50 JavaThread "Reference Handler" daemon [_thread_blocked, id=17464, stack(0x0000000678b00000,0x0000000678c00000)]
  0x000001317f280290 JavaThread "Finalizer" daemon [_thread_blocked, id=28536, stack(0x0000000678c00000,0x0000000678d00000)]
  0x000001317f2914a0 JavaThread "Signal Dispatcher" daemon [_thread_blocked, id=11268, stack(0x0000000678d00000,0x0000000678e00000)]
  0x000001317f294a30 JavaThread "Attach Listener" daemon [_thread_blocked, id=5544, stack(0x0000000678e00000,0x0000000678f00000)]
  0x000001317f295aa0 JavaThread "Service Thread" daemon [_thread_blocked, id=17884, stack(0x0000000678f00000,0x0000000679000000)]
  0x000001317f29a010 JavaThread "Monitor Deflation Thread" daemon [_thread_blocked, id=7224, stack(0x0000000679000000,0x0000000679100000)]
  0x000001317f29acc0 JavaThread "C2 CompilerThread0" daemon [_thread_in_native, id=31196, stack(0x0000000679100000,0x0000000679200000)]
  0x000001317f29e9d0 JavaThread "C1 CompilerThread0" daemon [_thread_blocked, id=1372, stack(0x0000000679200000,0x0000000679300000)]
  0x000001311e808c40 JavaThread "Sweeper thread" daemon [_thread_blocked, id=9748, stack(0x0000000679300000,0x0000000679400000)]
  0x000001311e95f900 JavaThread "Common-Cleaner" daemon [_thread_blocked, id=14236, stack(0x0000000679400000,0x0000000679500000)]
  0x000001311e966620 JavaThread "Notification Thread" daemon [_thread_blocked, id=2448, stack(0x0000000679500000,0x0000000679600000)]
  0x00000131643a0dc0 JavaThread "ReaderThread" [_thread_in_native, id=24536, stack(0x0000000679a00000,0x0000000679b00000)]
  0x000001311ea25960 JavaThread "ForkJoinPool.commonPool-worker-1" daemon [_thread_blocked, id=18708, stack(0x0000000679700000,0x0000000679800000)]
  0x00000131652d7580 JavaThread "HttpClient-1-SelectorManager" daemon [_thread_in_native, id=29676, stack(0x000000067a400000,0x000000067a500000)]
  0x00000131652d7070 JavaThread "External Process Output Forwarder - C:\Users\user\.cache\selenium\chromedriver\win64\136.0.7103.113\chromedriver.exe" daemon [_thread_in_native, id=16808, stack(0x000000067a500000,0x000000067a600000)]
  0x00000131652d9e00 JavaThread "Driver Service Executor" daemon [_thread_blocked, id=1728, stack(0x000000067a600000,0x000000067a700000)]
  0x00000131652d84b0 JavaThread "Driver Service Executor" daemon [_thread_blocked, id=10572, stack(0x000000067a700000,0x000000067a800000)]
  0x00000131652d98f0 JavaThread "UrlChecker-2" daemon [_thread_blocked, id=31320, stack(0x000000067a800000,0x000000067a900000)]
  0x00000131652d89c0 JavaThread "JdkHttpClient-0-0" daemon [_thread_blocked, id=12748, stack(0x0000000679800000,0x0000000679900000)]
  0x00000131652d93e0 JavaThread "JdkHttpClient-0-1" daemon [_thread_blocked, id=14888, stack(0x000000067a200000,0x000000067a300000)]
  0x00000131652d7a90 JavaThread "JdkHttpClient-0-2" daemon [_thread_blocked, id=19968, stack(0x000000067aa00000,0x000000067ab00000)]
  0x00000131652d7fa0 JavaThread "HttpClient-2-SelectorManager" daemon [_thread_in_native, id=27860, stack(0x000000067ab00000,0x000000067ac00000)]
  0x00000131652da310 JavaThread "JdkHttpClient-1-0" daemon [_thread_blocked, id=29748, stack(0x000000067ac00000,0x000000067ad00000)]
  0x00000131652da820 JavaThread "JdkHttpClient-1-1" daemon [_thread_blocked, id=30748, stack(0x000000067ad00000,0x000000067ae00000)]
  0x0000013165eb5430 JavaThread "JdkHttpClient-1-2" daemon [_thread_blocked, id=24348, stack(0x000000067ae00000,0x000000067af00000)]
  0x00000131655cb400 JavaThread "C2 CompilerThread1" daemon [_thread_blocked, id=27472, stack(0x000000067a900000,0x000000067aa00000)]

Other Threads:
=>0x000001317f2751c0 VMThread "VM Thread" [stack: 0x0000000678a00000,0x0000000678b00000] [id=900]
  0x000001317accf7c0 WatcherThread [stack: 0x0000000679600000,0x0000000679700000] [id=27728]
  0x000001317acb4ab0 GCTaskThread "GC Thread#0" [stack: 0x0000000678500000,0x0000000678600000] [id=22212]
  0x0000013164c8b260 GCTaskThread "GC Thread#1" [stack: 0x0000000679b00000,0x0000000679c00000] [id=25396]
  0x0000013164600bb0 GCTaskThread "GC Thread#2" [stack: 0x0000000679c00000,0x0000000679d00000] [id=16792]
  0x0000013164d27180 GCTaskThread "GC Thread#3" [stack: 0x0000000679d00000,0x0000000679e00000] [id=3948]
  0x0000013164e784e0 GCTaskThread "GC Thread#4" [stack: 0x0000000679e00000,0x0000000679f00000] [id=6936]
  0x0000013164d27440 GCTaskThread "GC Thread#5" [stack: 0x0000000679f00000,0x000000067a000000] [id=22892]
  0x00000131655cc5a0 GCTaskThread "GC Thread#6" [stack: 0x000000067a000000,0x000000067a100000] [id=10504]
  0x0000013164ed3920 GCTaskThread "GC Thread#7" [stack: 0x000000067a100000,0x000000067a200000] [id=18264]
  0x000001317acc6e90 ConcurrentGCThread "G1 Main Marker" [stack: 0x0000000678600000,0x0000000678700000] [id=14260]
  0x000001317acc77b0 ConcurrentGCThread "G1 Conc#0" [stack: 0x0000000678700000,0x0000000678800000] [id=2544]
  0x0000013165cce030 ConcurrentGCThread "G1 Conc#1" [stack: 0x000000067a300000,0x000000067a400000] [id=26544]
  0x000001317f1344f0 ConcurrentGCThread "G1 Refine#0" [stack: 0x0000000678800000,0x0000000678900000] [id=27716]
  0x000001317f134e30 ConcurrentGCThread "G1 Service" [stack: 0x0000000678900000,0x0000000678a00000] [id=13192]

Threads with active compile tasks:
C2 CompilerThread0    24216 3885       4       jdk.internal.jimage.ImageLocation::verify (218 bytes)
C2 CompilerThread1    24216 3889       4       org.apache.xmlbeans.impl.util.LongUTFDataInputStream::readLongUTF (411 bytes)

VM state: at safepoint (normal execution)

VM Mutex/Monitor currently owned by a thread:  ([mutex/lock_event])
[0x000001317ac44f10] Threads_lock - owner thread: 0x000001317f2751c0
[0x000001317ac45420] Heap_lock - owner thread: 0x000001317ac4a6d0

Heap address: 0x0000000702200000, size: 4062 MB, Compressed Oops mode: Zero based, Oop shift amount: 3

CDS archive(s) mapped at: [0x000001311f000000-0x000001311fbd0000-0x000001311fbd0000), size 12386304, SharedBaseAddress: 0x000001311f000000, ArchiveRelocationMode: 1.
Compressed class space mapped at: 0x0000013120000000-0x0000013160000000, reserved size: 1073741824
Narrow klass base: 0x000001311f000000, Narrow klass shift: 0, Narrow klass range: 0x100000000

GC Precious Log:
 CPUs: 8 total, 8 available
 Memory: 16242M
 Large Page Support: Disabled
 NUMA Support: Disabled
 Compressed Oops: Enabled (Zero based)
 Heap Region Size: 2M
 Heap Min Capacity: 8M
 Heap Initial Capacity: 254M
 Heap Max Capacity: 4062M
 Pre-touch: Disabled
 Parallel Workers: 8
 Concurrent Workers: 2
 Concurrent Refinement Workers: 8
 Periodic GC: Disabled

Heap:
 garbage-first heap   total 61440K, used 21330K [0x0000000702200000, 0x0000000800000000)
  region size 2048K, 1 young (2048K), 1 survivors (2048K)
 Metaspace       used 37957K, committed 38400K, reserved 1114112K
  class space    used 4748K, committed 4928K, reserved 1048576K

Heap Regions: E=young(eden), S=young(survivor), O=old, HS=humongous(starts), HC=humongous(continues), CS=collection set, F=free, OA=open archive, CA=closed archive, TAMS=top-at-mark-start (previous, next)
|   0|0x0000000702200000, 0x0000000702400000, 0x0000000702400000|100%| O|  |TAMS 0x0000000702400000, 0x0000000702200000| Untracked 
|   1|0x0000000702400000, 0x0000000702600000, 0x0000000702600000|100%| O|  |TAMS 0x0000000702600000, 0x0000000702400000| Untracked 
|   2|0x0000000702600000, 0x0000000702800000, 0x0000000702800000|100%| O|  |TAMS 0x0000000702800000, 0x0000000702600000| Untracked 
|   3|0x0000000702800000, 0x0000000702a00000, 0x0000000702a00000|100%| O|  |TAMS 0x0000000702a00000, 0x0000000702800000| Untracked 
|   4|0x0000000702a00000, 0x0000000702c00000, 0x0000000702c00000|100%| O|  |TAMS 0x0000000702a00000, 0x0000000702a00000| Untracked 
|   5|0x0000000702c00000, 0x0000000702e00000, 0x0000000702e00000|100%| O|  |TAMS 0x0000000702e00000, 0x0000000702c00000| Untracked 
|   6|0x0000000702e00000, 0x0000000703000000, 0x0000000703000000|100%| O|  |TAMS 0x0000000703000000, 0x0000000702e00000| Untracked 
|   7|0x0000000703000000, 0x0000000703200000, 0x0000000703200000|100%| O|  |TAMS 0x0000000703200000, 0x0000000703000000| Untracked 
|   8|0x0000000703200000, 0x0000000703200000, 0x0000000703400000|  0%| F|  |TAMS 0x0000000703200000, 0x0000000703200000| Untracked 
|   9|0x0000000703400000, 0x0000000703600000, 0x0000000703600000|100%| O|  |TAMS 0x0000000703400000, 0x0000000703400000| Untracked 
|  10|0x0000000703600000, 0x0000000703755a00, 0x0000000703800000| 66%| O|  |TAMS 0x0000000703600000, 0x0000000703600000| Untracked 
|  11|0x0000000703800000, 0x0000000703800000, 0x0000000703a00000|  0%| F|  |TAMS 0x0000000703800000, 0x0000000703800000| Untracked 
|  12|0x0000000703a00000, 0x0000000703a00000, 0x0000000703c00000|  0%| F|  |TAMS 0x0000000703a00000, 0x0000000703a00000| Untracked 
|  13|0x0000000703c00000, 0x0000000703c00000, 0x0000000703e00000|  0%| F|  |TAMS 0x0000000703c00000, 0x0000000703c00000| Untracked 
|  14|0x0000000703e00000, 0x0000000703e00000, 0x0000000704000000|  0%| F|  |TAMS 0x0000000703e00000, 0x0000000703e00000| Untracked 
|  15|0x0000000704000000, 0x0000000704000000, 0x0000000704200000|  0%| F|  |TAMS 0x0000000704000000, 0x0000000704000000| Untracked 
|  16|0x0000000704200000, 0x0000000704200000, 0x0000000704400000|  0%| F|  |TAMS 0x0000000704200000, 0x0000000704200000| Untracked 
|  17|0x0000000704400000, 0x000000070457ef00, 0x0000000704600000| 74%| S|CS|TAMS 0x0000000704400000, 0x0000000704400000| Complete 
|  18|0x0000000704600000, 0x0000000704600000, 0x0000000704800000|  0%| F|  |TAMS 0x0000000704600000, 0x0000000704600000| Untracked 
|  19|0x0000000704800000, 0x0000000704800000, 0x0000000704a00000|  0%| F|  |TAMS 0x0000000704800000, 0x0000000704800000| Untracked 
|  20|0x0000000704a00000, 0x0000000704a00000, 0x0000000704c00000|  0%| F|  |TAMS 0x0000000704a00000, 0x0000000704a00000| Untracked 
|  21|0x0000000704c00000, 0x0000000704c00000, 0x0000000704e00000|  0%| F|  |TAMS 0x0000000704c00000, 0x0000000704c00000| Untracked 
|  22|0x0000000704e00000, 0x0000000704e00000, 0x0000000705000000|  0%| F|  |TAMS 0x0000000704e00000, 0x0000000704e00000| Untracked 
|  23|0x0000000705000000, 0x0000000705000000, 0x0000000705200000|  0%| F|  |TAMS 0x0000000705000000, 0x0000000705000000| Untracked 
|  24|0x0000000705200000, 0x0000000705200000, 0x0000000705400000|  0%| F|  |TAMS 0x0000000705200000, 0x0000000705200000| Untracked 
|  25|0x0000000705400000, 0x0000000705400000, 0x0000000705600000|  0%| F|  |TAMS 0x0000000705400000, 0x0000000705400000| Untracked 
| 102|0x000000070ee00000, 0x000000070ee00000, 0x000000070f000000|  0%| F|  |TAMS 0x000000070ee00000, 0x000000070ee00000| Untracked 
| 103|0x000000070f000000, 0x000000070f000000, 0x000000070f200000|  0%| F|  |TAMS 0x000000070f000000, 0x000000070f000000| Untracked 
| 104|0x000000070f200000, 0x000000070f200000, 0x000000070f400000|  0%| F|  |TAMS 0x000000070f200000, 0x000000070f200000| Untracked 
| 126|0x0000000711e00000, 0x0000000711e00000, 0x0000000712000000|  0%| F|  |TAMS 0x0000000711e00000, 0x0000000711e00000| Untracked 

Card table byte_map: [0x000001317b840000,0x000001317c030000] _byte_map_base: 0x000001317802f000

Marking Bits (Prev, Next): (CMBitMap*) 0x000001317acb5ff0, (CMBitMap*) 0x000001317acb6030
 Prev Bits: [0x00000131167f0000, 0x000001311a768000)
 Next Bits: [0x000001311a770000, 0x000001311e6e8000)

Polling page: 0x0000013178bd0000

Metaspace:

Usage:
  Non-class:     32.43 MB used.
      Class:      4.64 MB used.
       Both:     37.07 MB used.

Virtual space:
  Non-class space:       64.00 MB reserved,      32.69 MB ( 51%) committed,  1 nodes.
      Class space:        1.00 GB reserved,       4.81 MB ( <1%) committed,  1 nodes.
             Both:        1.06 GB reserved,      37.50 MB (  3%) committed. 

Chunk freelists:
   Non-Class:  15.36 MB
       Class:  11.14 MB
        Both:  26.50 MB

MaxMetaspaceSize: unlimited
CompressedClassSpaceSize: 1.00 GB
Initial GC threshold: 21.00 MB
Current GC threshold: 59.31 MB
CDS: on
MetaspaceReclaimPolicy: balanced
 - commit_granule_bytes: 65536.
 - commit_granule_words: 8192.
 - virtual_space_node_default_size: 8388608.
 - enlarge_chunks_in_place: 1.
 - new_chunks_are_fully_committed: 0.
 - uncommit_free_chunks: 1.
 - use_allocation_guard: 0.
 - handle_deallocations: 1.


Internal statistics:

num_allocs_failed_limit: 6.
num_arena_births: 586.
num_arena_deaths: 0.
num_vsnodes_births: 2.
num_vsnodes_deaths: 0.
num_space_committed: 600.
num_space_uncommitted: 0.
num_chunks_returned_to_freelist: 6.
num_chunks_taken_from_freelist: 1771.
num_chunk_merges: 3.
num_chunk_splits: 1182.
num_chunks_enlarged: 845.
num_inconsistent_stats: 0.

CodeHeap 'non-profiled nmethods': size=120000Kb used=1836Kb max_used=1836Kb free=118163Kb
 bounds [0x000001310f2c0000, 0x000001310f530000, 0x00000131167f0000]
CodeHeap 'profiled nmethods': size=120000Kb used=7904Kb max_used=7904Kb free=112095Kb
 bounds [0x00000131077f0000, 0x0000013107fb0000, 0x000001310ed20000]
CodeHeap 'non-nmethods': size=5760Kb used=1313Kb max_used=1385Kb free=4446Kb
 bounds [0x000001310ed20000, 0x000001310ef90000, 0x000001310f2c0000]
 total_blobs=4523 nmethods=3884 adapters=550
 compilation: enabled
              stopped_count=0, restarted_count=0
 full_count=0

Compilation events (20 events):
Event: 24.152 Thread 0x000001317f29acc0 3875       4       org.apache.xmlbeans.impl.util.LongUTFDataInputStream$$Lambda$1122/0x00000131204d7010::onebyte (19 bytes)
Event: 24.152 Thread 0x000001317f29e9d0 nmethod 3879 0x0000013107fa5c90 code [0x0000013107fa5e60, 0x0000013107fa6238]
Event: 24.152 Thread 0x000001317f29e9d0 3880   !   3       org.apache.xmlbeans.impl.schema.XsbReader::readUnsignedShortOrInt (35 bytes)
Event: 24.153 Thread 0x000001317f29e9d0 nmethod 3880 0x0000013107fa6390 code [0x0000013107fa6580, 0x0000013107fa6a98]
Event: 24.153 Thread 0x000001317f29e9d0 3882       1       org.apache.xmlbeans.impl.schema.SchemaTypeSystemImpl::getTypePool (5 bytes)
Event: 24.153 Thread 0x000001317f29e9d0 nmethod 3882 0x000001310f487f90 code [0x000001310f488120, 0x000001310f4881f8]
Event: 24.153 Thread 0x000001317f29e9d0 3884   !   3       org.apache.xmlbeans.impl.schema.XsbReader::readShort (35 bytes)
Event: 24.153 Thread 0x000001317f29e9d0 nmethod 3884 0x0000013107fa6d10 code [0x0000013107fa6ee0, 0x0000013107fa72c8]
Event: 24.154 Thread 0x000001317f29e9d0 3886       1       javax.xml.namespace.QName::getNamespaceURI (5 bytes)
Event: 24.154 Thread 0x000001317f29e9d0 nmethod 3886 0x000001310f488290 code [0x000001310f488420, 0x000001310f4884f8]
Event: 24.154 Thread 0x000001317f29e9d0 3888       3       java.io.WinNTFileSystem::isSlash (18 bytes)
Event: 24.155 Thread 0x000001317f29e9d0 nmethod 3888 0x0000013107fa7490 code [0x0000013107fa7620, 0x0000013107fa77b8]
Event: 24.155 Thread 0x000001317f29e9d0 3887       3       java.net.URL::toLowerCase (38 bytes)
Event: 24.155 Thread 0x000001317f29e9d0 nmethod 3887 0x0000013107fa7890 code [0x0000013107fa7aa0, 0x0000013107fa7f68]
Event: 24.155 Thread 0x000001317f29acc0 nmethod 3875 0x000001310f488590 code [0x000001310f488720, 0x000001310f488ab8]
Event: 24.155 Thread 0x000001317f29acc0 3883       4       java.util.jar.JarFile::getEntry (35 bytes)
Event: 24.163 Thread 0x00000131655cb400 nmethod 3867 0x000001310f488e90 code [0x000001310f489020, 0x000001310f489938]
Event: 24.163 Thread 0x00000131655cb400 3889       4       org.apache.xmlbeans.impl.util.LongUTFDataInputStream::readLongUTF (411 bytes)
Event: 24.170 Thread 0x000001317f29acc0 nmethod 3883 0x000001310f489c90 code [0x000001310f489ea0, 0x000001310f48ab20]
Event: 24.170 Thread 0x000001317f29acc0 3885       4       jdk.internal.jimage.ImageLocation::verify (218 bytes)

GC Heap History (19 events):
Event: 0.630 GC heap before
{Heap before GC invocations=0 (full 0):
 garbage-first heap   total 260096K, used 20480K [0x0000000702200000, 0x0000000800000000)
  region size 2048K, 11 young (22528K), 0 survivors (0K)
 Metaspace       used 5822K, committed 5952K, reserved 1114112K
  class space    used 647K, committed 704K, reserved 1048576K
}
Event: 0.636 GC heap after
{Heap after GC invocations=1 (full 0):
 garbage-first heap   total 260096K, used 9041K [0x0000000702200000, 0x0000000800000000)
  region size 2048K, 2 young (4096K), 2 survivors (4096K)
 Metaspace       used 5822K, committed 5952K, reserved 1114112K
  class space    used 647K, committed 704K, reserved 1048576K
}
Event: 1.030 GC heap before
{Heap before GC invocations=1 (full 0):
 garbage-first heap   total 260096K, used 27473K [0x0000000702200000, 0x0000000800000000)
  region size 2048K, 12 young (24576K), 2 survivors (4096K)
 Metaspace       used 10677K, committed 10880K, reserved 1114112K
  class space    used 1214K, committed 1280K, reserved 1048576K
}
Event: 1.034 GC heap after
{Heap after GC invocations=2 (full 0):
 garbage-first heap   total 260096K, used 10409K [0x0000000702200000, 0x0000000800000000)
  region size 2048K, 1 young (2048K), 1 survivors (2048K)
 Metaspace       used 10677K, committed 10880K, reserved 1114112K
  class space    used 1214K, committed 1280K, reserved 1048576K
}
Event: 2.433 GC heap before
{Heap before GC invocations=2 (full 0):
 garbage-first heap   total 260096K, used 51369K [0x0000000702200000, 0x0000000800000000)
  region size 2048K, 22 young (45056K), 1 survivors (2048K)
 Metaspace       used 21239K, committed 21504K, reserved 1114112K
  class space    used 2576K, committed 2688K, reserved 1048576K
}
Event: 2.439 GC heap after
{Heap after GC invocations=3 (full 0):
 garbage-first heap   total 260096K, used 14555K [0x0000000702200000, 0x0000000800000000)
  region size 2048K, 3 young (6144K), 3 survivors (6144K)
 Metaspace       used 21239K, committed 21504K, reserved 1114112K
  class space    used 2576K, committed 2688K, reserved 1048576K
}
Event: 3.784 GC heap before
{Heap before GC invocations=4 (full 0):
 garbage-first heap   total 61440K, used 41179K [0x0000000702200000, 0x0000000800000000)
  region size 2048K, 17 young (34816K), 3 survivors (6144K)
 Metaspace       used 28597K, committed 28992K, reserved 1114112K
  class space    used 3587K, committed 3776K, reserved 1048576K
}
Event: 3.790 GC heap after
{Heap after GC invocations=5 (full 0):
 garbage-first heap   total 61440K, used 16585K [0x0000000702200000, 0x0000000800000000)
  region size 2048K, 2 young (4096K), 2 survivors (4096K)
 Metaspace       used 28597K, committed 28992K, reserved 1114112K
  class space    used 3587K, committed 3776K, reserved 1048576K
}
Event: 3.845 GC heap before
{Heap before GC invocations=5 (full 0):
 garbage-first heap   total 61440K, used 18633K [0x0000000702200000, 0x0000000800000000)
  region size 2048K, 3 young (6144K), 2 survivors (4096K)
 Metaspace       used 29387K, committed 29760K, reserved 1114112K
  class space    used 3669K, committed 3840K, reserved 1048576K
}
Event: 3.847 GC heap after
{Heap after GC invocations=6 (full 0):
 garbage-first heap   total 61440K, used 16753K [0x0000000702200000, 0x0000000800000000)
  region size 2048K, 1 young (2048K), 1 survivors (2048K)
 Metaspace       used 29387K, committed 29760K, reserved 1114112K
  class space    used 3669K, committed 3840K, reserved 1048576K
}
Event: 6.163 GC heap before
{Heap before GC invocations=6 (full 0):
 garbage-first heap   total 61440K, used 39281K [0x0000000702200000, 0x0000000800000000)
  region size 2048K, 12 young (24576K), 1 survivors (2048K)
 Metaspace       used 33576K, committed 33984K, reserved 1114112K
  class space    used 4224K, committed 4416K, reserved 1048576K
}
Event: 6.167 GC heap after
{Heap after GC invocations=7 (full 0):
 garbage-first heap   total 61440K, used 18880K [0x0000000702200000, 0x0000000800000000)
  region size 2048K, 2 young (4096K), 2 survivors (4096K)
 Metaspace       used 33576K, committed 33984K, reserved 1114112K
  class space    used 4224K, committed 4416K, reserved 1048576K
}
Event: 23.987 GC heap before
{Heap before GC invocations=7 (full 0):
 garbage-first heap   total 61440K, used 33216K [0x0000000702200000, 0x0000000800000000)
  region size 2048K, 11 young (22528K), 2 survivors (4096K)
 Metaspace       used 35868K, committed 36288K, reserved 1114112K
  class space    used 4471K, committed 4672K, reserved 1048576K
}
Event: 23.992 GC heap after
{Heap after GC invocations=8 (full 0):
 garbage-first heap   total 61440K, used 20430K [0x0000000702200000, 0x0000000800000000)
  region size 2048K, 1 young (2048K), 1 survivors (2048K)
 Metaspace       used 35868K, committed 36288K, reserved 1114112K
  class space    used 4471K, committed 4672K, reserved 1048576K
}
Event: 24.160 GC heap before
{Heap before GC invocations=9 (full 0):
 garbage-first heap   total 61440K, used 40910K [0x0000000702200000, 0x0000000800000000)
  region size 2048K, 11 young (22528K), 1 survivors (2048K)
 Metaspace       used 37957K, committed 38400K, reserved 1114112K
  class space    used 4748K, committed 4928K, reserved 1048576K
}
Event: 24.162 GC heap after
{Heap after GC invocations=10 (full 0):
 garbage-first heap   total 61440K, used 21018K [0x0000000702200000, 0x0000000800000000)
  region size 2048K, 2 young (4096K), 2 survivors (4096K)
 Metaspace       used 37957K, committed 38400K, reserved 1114112K
  class space    used 4748K, committed 4928K, reserved 1048576K
}
Event: 24.164 GC heap before
{Heap before GC invocations=10 (full 0):
 garbage-first heap   total 61440K, used 23066K [0x0000000702200000, 0x0000000800000000)
  region size 2048K, 3 young (6144K), 2 survivors (4096K)
 Metaspace       used 37957K, committed 38400K, reserved 1114112K
  class space    used 4748K, committed 4928K, reserved 1048576K
}
Event: 24.168 GC heap after
{Heap after GC invocations=11 (full 0):
 garbage-first heap   total 61440K, used 20643K [0x0000000702200000, 0x0000000800000000)
  region size 2048K, 1 young (2048K), 1 survivors (2048K)
 Metaspace       used 37957K, committed 38400K, reserved 1114112K
  class space    used 4748K, committed 4928K, reserved 1048576K
}
Event: 24.183 GC heap before
{Heap before GC invocations=11 (full 0):
 garbage-first heap   total 61440K, used 43171K [0x0000000702200000, 0x0000000800000000)
  region size 2048K, 12 young (24576K), 1 survivors (2048K)
 Metaspace       used 37957K, committed 38400K, reserved 1114112K
  class space    used 4748K, committed 4928K, reserved 1048576K
}

Deoptimization events (20 events):
Event: 23.948 Thread 0x000001317ac4a6d0 Uncommon trap: trap_request=0xffffff6e fr.pc=0x000001310f47c0e4 relative=0x0000000000000144
Event: 23.948 Thread 0x000001317ac4a6d0 Uncommon trap: reason=loop_limit_check action=maybe_recompile pc=0x000001310f47c0e4 method=java.util.regex.Pattern$Start.match(Ljava/util/regex/Matcher;ILjava/lang/CharSequence;)Z @ 34 c2
Event: 23.948 Thread 0x000001317ac4a6d0 DEOPT PACKING pc=0x000001310f47c0e4 sp=0x00000006784fbcd0
Event: 23.948 Thread 0x000001317ac4a6d0 DEOPT UNPACKING pc=0x000001310ed723a3 sp=0x00000006784fbc60 mode 2
Event: 23.954 Thread 0x000001317ac4a6d0 Uncommon trap: trap_request=0xffffff6e fr.pc=0x000001310f3c77e0 relative=0x00000000000001c0
Event: 23.954 Thread 0x000001317ac4a6d0 Uncommon trap: reason=loop_limit_check action=maybe_recompile pc=0x000001310f3c77e0 method=java.lang.StringLatin1.lastIndexOf([BII)I @ 19 c2
Event: 23.954 Thread 0x000001317ac4a6d0 DEOPT PACKING pc=0x000001310f3c77e0 sp=0x00000006784fbfe0
Event: 23.954 Thread 0x000001317ac4a6d0 DEOPT UNPACKING pc=0x000001310ed723a3 sp=0x00000006784fbe98 mode 2
Event: 23.971 Thread 0x000001317ac4a6d0 Uncommon trap: trap_request=0xffffffde fr.pc=0x000001310f43735c relative=0x00000000000000bc
Event: 23.971 Thread 0x000001317ac4a6d0 Uncommon trap: reason=class_check action=maybe_recompile pc=0x000001310f43735c method=java.lang.StringLatin1$CharsSpliterator.tryAdvance(Ljava/util/function/IntConsumer;)Z @ 51 c2
Event: 23.971 Thread 0x000001317ac4a6d0 DEOPT PACKING pc=0x000001310f43735c sp=0x00000006784f9b50
Event: 23.971 Thread 0x000001317ac4a6d0 DEOPT UNPACKING pc=0x000001310ed723a3 sp=0x00000006784f9ae8 mode 2
Event: 23.971 Thread 0x000001317ac4a6d0 Uncommon trap: trap_request=0xffffffde fr.pc=0x000001310f43735c relative=0x00000000000000bc
Event: 23.971 Thread 0x000001317ac4a6d0 Uncommon trap: reason=class_check action=maybe_recompile pc=0x000001310f43735c method=java.lang.StringLatin1$CharsSpliterator.tryAdvance(Ljava/util/function/IntConsumer;)Z @ 51 c2
Event: 23.971 Thread 0x000001317ac4a6d0 DEOPT PACKING pc=0x000001310f43735c sp=0x00000006784f9b50
Event: 23.971 Thread 0x000001317ac4a6d0 DEOPT UNPACKING pc=0x000001310ed723a3 sp=0x00000006784f9ae8 mode 2
Event: 24.126 Thread 0x000001317ac4a6d0 Uncommon trap: trap_request=0xffffff45 fr.pc=0x000001310f3f4d44 relative=0x0000000000000ba4
Event: 24.126 Thread 0x000001317ac4a6d0 Uncommon trap: reason=unstable_if action=reinterpret pc=0x000001310f3f4d44 method=java.util.jar.JarFile.getVersionedEntry(Ljava/lang/String;Ljava/util/jar/JarEntry;)Ljava/util/jar/JarEntry; @ 26 c2
Event: 24.126 Thread 0x000001317ac4a6d0 DEOPT PACKING pc=0x000001310f3f4d44 sp=0x00000006784f74e0
Event: 24.126 Thread 0x000001317ac4a6d0 DEOPT UNPACKING pc=0x000001310ed723a3 sp=0x00000006784f7450 mode 2

Classes unloaded (0 events):
No events

Classes redefined (0 events):
No events

Internal exceptions (20 events):
Event: 2.600 Thread 0x00000131652d89c0 Exception <a 'java/lang/NoSuchMethodError'{0x0000000704e421c0}: 'java.lang.Object java.lang.invoke.DirectMethodHandle$Holder.invokeSpecial(java.lang.Object, java.lang.Object, java.lang.Object, java.lang.Object, int)'> (0x0000000704e421c0) 
thrown [s\open\src\hotspot\share\interpreter\linkResolver.cpp, line 759]
Event: 2.600 Thread 0x00000131652d89c0 Exception <a 'java/lang/NoSuchMethodError'{0x0000000704e45d88}: 'java.lang.Object java.lang.invoke.Invokers$Holder.linkToTargetMethod(java.lang.Object, java.lang.Object, int, java.lang.Object)'> (0x0000000704e45d88) 
thrown [s\open\src\hotspot\share\interpreter\linkResolver.cpp, line 759]
Event: 3.448 Thread 0x00000131652d89c0 Exception <a 'java/lang/NoSuchMethodError'{0x0000000704c387b8}: 'java.lang.Object java.lang.invoke.DirectMethodHandle$Holder.newInvokeSpecial(java.lang.Object, java.lang.Object, long, java.lang.Object, java.lang.Object, java.lang.Object)'> (0x0000000704c387b8) 
thrown [s\open\src\hotspot\share\interpreter\linkResolver.cpp, line 759]
Event: 3.464 Thread 0x000001317ac4a6d0 Exception <a 'java/lang/NoSuchMethodError'{0x000000070513b490}: 'java.lang.Object java.lang.invoke.DirectMethodHandle$Holder.invokeSpecialIFC(java.lang.Object, java.lang.Object, java.lang.Object)'> (0x000000070513b490) 
thrown [s\open\src\hotspot\share\interpreter\linkResolver.cpp, line 759]
Event: 3.575 Thread 0x000001317ac4a6d0 Exception <a 'java/lang/IncompatibleClassChangeError'{0x00000007049c93b8}: Found class java.lang.Object, but interface was expected> (0x00000007049c93b8) 
thrown [s\open\src\hotspot\share\interpreter\linkResolver.cpp, line 826]
Event: 3.705 Thread 0x000001317ac4a6d0 Exception <a 'java/lang/NoSuchMethodError'{0x0000000703e15148}: 'java.lang.Object java.lang.invoke.DirectMethodHandle$Holder.newInvokeSpecial(java.lang.Object, long, int, java.lang.Object)'> (0x0000000703e15148) 
thrown [s\open\src\hotspot\share\interpreter\linkResolver.cpp, line 759]
Event: 3.712 Thread 0x000001317ac4a6d0 Exception <a 'java/lang/NoSuchMethodError'{0x0000000703e87b20}: 'void java.lang.invoke.DirectMethodHandle$Holder.invokeStaticInit(java.lang.Object, java.lang.Object, java.lang.Object, java.lang.Object)'> (0x0000000703e87b20) 
thrown [s\open\src\hotspot\share\interpreter\linkResolver.cpp, line 759]
Event: 3.875 Thread 0x000001317ac4a6d0 Exception <a 'sun/nio/fs/WindowsException'{0x0000000711f551c0}> (0x0000000711f551c0) 
thrown [s\open\src\hotspot\share\prims\jni.cpp, line 516]
Event: 3.897 Thread 0x000001317ac4a6d0 Exception <a 'java/lang/IncompatibleClassChangeError'{0x0000000711fde798}: Found class java.lang.Object, but interface was expected> (0x0000000711fde798) 
thrown [s\open\src\hotspot\share\interpreter\linkResolver.cpp, line 826]
Event: 4.045 Thread 0x000001317ac4a6d0 Exception <a 'java/lang/NoSuchMethodError'{0x00000007054f3ef8}: 'java.lang.Object java.lang.invoke.DirectMethodHandle$Holder.invokeStaticInit(java.lang.Object, java.lang.Object, java.lang.Object, int)'> (0x00000007054f3ef8) 
thrown [s\open\src\hotspot\share\interpreter\linkResolver.cpp, line 759]
Event: 4.046 Thread 0x000001317ac4a6d0 Exception <a 'java/lang/NoSuchMethodError'{0x00000007055034e0}: 'java.lang.Object java.lang.invoke.DirectMethodHandle$Holder.invokeStatic(java.lang.Object, java.lang.Object, java.lang.Object, java.lang.Object, java.lang.Object, java.lang.Object, java.lang.Object, int)'> (0x00000007055034e0) 
thrown [s\open\src\hotspot\share\interpreter\linkResolver.cpp, line 759]
Event: 4.046 Thread 0x000001317ac4a6d0 Exception <a 'java/lang/NoSuchMethodError'{0x0000000705508058}: 'java.lang.Object java.lang.invoke.DirectMethodHandle$Holder.invokeStaticInit(java.lang.Object, java.lang.Object, java.lang.Object, java.lang.Object, java.lang.Object, java.lang.Object, java.lang.Object, int)'> (0x0000000705508058) 
thrown [s\open\src\hotspot\share\interpreter\linkResolver.cpp, line 759]
Event: 4.054 Thread 0x000001317ac4a6d0 Exception <a 'java/lang/NoSuchMethodError'{0x000000070555adb8}: 'java.lang.Object java.lang.invoke.DirectMethodHandle$Holder.newInvokeSpecial(java.lang.Object, java.lang.Object, java.lang.Object, int)'> (0x000000070555adb8) 
thrown [s\open\src\hotspot\share\interpreter\linkResolver.cpp, line 759]
Event: 23.869 Thread 0x000001317ac4a6d0 Exception <a 'java/lang/NoSuchMethodError'{0x00000007053b0208}: 'int java.lang.invoke.DirectMethodHandle$Holder.invokeSpecial(java.lang.Object, java.lang.Object, int)'> (0x00000007053b0208) 
thrown [s\open\src\hotspot\share\interpreter\linkResolver.cpp, line 759]
Event: 23.922 Thread 0x000001317ac4a6d0 Exception <a 'java/lang/NoSuchMethodError'{0x0000000704e53c78}: 'void java.lang.invoke.DirectMethodHandle$Holder.invokeStatic(java.lang.Object, java.lang.Object, java.lang.Object, int)'> (0x0000000704e53c78) 
thrown [s\open\src\hotspot\share\interpreter\linkResolver.cpp, line 759]
Event: 23.922 Thread 0x000001317ac4a6d0 Exception <a 'java/lang/NoSuchMethodError'{0x0000000704e57688}: 'void java.lang.invoke.DirectMethodHandle$Holder.invokeStaticInit(java.lang.Object, java.lang.Object, java.lang.Object, int)'> (0x0000000704e57688) 
thrown [s\open\src\hotspot\share\interpreter\linkResolver.cpp, line 759]
Event: 23.983 Thread 0x000001317ac4a6d0 Exception <a 'java/lang/NoSuchMethodError'{0x0000000704cd5288}: 'java.lang.Object java.lang.invoke.DirectMethodHandle$Holder.invokeStatic(java.lang.Object, java.lang.Object, int, int)'> (0x0000000704cd5288) 
thrown [s\open\src\hotspot\share\interpreter\linkResolver.cpp, line 759]
Event: 23.983 Thread 0x000001317ac4a6d0 Exception <a 'java/lang/NoSuchMethodError'{0x0000000704cd8e78}: 'java.lang.Object java.lang.invoke.DirectMethodHandle$Holder.invokeStaticInit(java.lang.Object, java.lang.Object, int, int)'> (0x0000000704cd8e78) 
thrown [s\open\src\hotspot\share\interpreter\linkResolver.cpp, line 759]
Event: 24.142 Thread 0x000001317ac4a6d0 Exception <a 'java/lang/NoSuchMethodError'{0x00000007054913d8}: 'java.lang.Object java.lang.invoke.DirectMethodHandle$Holder.newInvokeSpecial(java.lang.Object, java.lang.Object, int, java.lang.Object)'> (0x00000007054913d8) 
thrown [s\open\src\hotspot\share\interpreter\linkResolver.cpp, line 759]
Event: 24.146 Thread 0x000001317ac4a6d0 Exception <a 'java/lang/NoSuchMethodError'{0x00000007054ed320}: 'void java.lang.invoke.DirectMethodHandle$Holder.invokeVirtual(java.lang.Object, java.lang.Object)'> (0x00000007054ed320) 
thrown [s\open\src\hotspot\share\interpreter\linkResolver.cpp, line 759]

VM Operations (20 events):
Event: 22.327 Executing VM operation: Cleanup done
Event: 23.339 Executing VM operation: Cleanup
Event: 23.339 Executing VM operation: Cleanup done
Event: 23.859 Executing VM operation: HandshakeAllThreads
Event: 23.859 Executing VM operation: HandshakeAllThreads done
Event: 23.883 Executing VM operation: HandshakeAllThreads
Event: 23.883 Executing VM operation: HandshakeAllThreads done
Event: 23.987 Executing VM operation: CollectForMetadataAllocation
Event: 23.992 Executing VM operation: CollectForMetadataAllocation done
Event: 24.006 Executing VM operation: G1Concurrent
Event: 24.008 Executing VM operation: G1Concurrent done
Event: 24.014 Executing VM operation: G1Concurrent
Event: 24.015 Executing VM operation: G1Concurrent done
Event: 24.141 Executing VM operation: HandshakeAllThreads
Event: 24.141 Executing VM operation: HandshakeAllThreads done
Event: 24.160 Executing VM operation: G1CollectForAllocation
Event: 24.163 Executing VM operation: G1CollectForAllocation done
Event: 24.164 Executing VM operation: G1CollectForAllocation
Event: 24.168 Executing VM operation: G1CollectForAllocation done
Event: 24.182 Executing VM operation: G1CollectForAllocation

Events (20 events):
Event: 23.884 loading class java/nio/charset/UnsupportedCharsetException done
Event: 23.920 loading class jdk/xml/internal/JdkProperty$ImplPropMap
Event: 23.920 loading class jdk/xml/internal/JdkProperty$ImplPropMap done
Event: 23.928 loading class com/sun/org/apache/xerces/internal/dom/DeepNodeListImpl
Event: 23.929 loading class com/sun/org/apache/xerces/internal/dom/DeepNodeListImpl done
Event: 23.936 Thread 0x00000131655cb400 Thread added: 0x00000131655cb400
Event: 23.970 loading class java/beans/PropertyChangeSupport
Event: 23.971 loading class java/beans/PropertyChangeSupport done
Event: 23.971 loading class java/beans/PropertyChangeSupport$PropertyChangeListenerMap
Event: 23.971 loading class java/beans/ChangeListenerMap
Event: 23.971 loading class java/beans/ChangeListenerMap done
Event: 23.971 loading class java/beans/PropertyChangeSupport$PropertyChangeListenerMap done
Event: 24.024 loading class javax/xml/stream/XMLStreamException
Event: 24.024 loading class javax/xml/stream/XMLStreamException done
Event: 24.092 loading class java/security/DigestInputStream
Event: 24.092 loading class java/security/DigestInputStream done
Event: 24.105 loading class javax/xml/namespace/QName
Event: 24.105 loading class javax/xml/namespace/QName done
Event: 24.141 loading class java/io/UTFDataFormatException
Event: 24.141 loading class java/io/UTFDataFormatException done


Dynamic libraries:
0x00007ff72cdc0000 - 0x00007ff72cdd0000 	C:\Program Files\Java\jdk-17\bin\javaw.exe
0x00007ffe8ee70000 - 0x00007ffe8f068000 	C:\Windows\SYSTEM32\ntdll.dll
0x00007ffe8d870000 - 0x00007ffe8d932000 	C:\Windows\System32\KERNEL32.DLL
0x00007ffe8c810000 - 0x00007ffe8cb06000 	C:\Windows\System32\KERNELBASE.dll
0x00007ffe8c680000 - 0x00007ffe8c780000 	C:\Windows\System32\ucrtbase.dll
0x00007ffe82420000 - 0x00007ffe8243b000 	C:\Program Files\Java\jdk-17\bin\VCRUNTIME140.dll
0x00007ffe840d0000 - 0x00007ffe840e9000 	C:\Program Files\Java\jdk-17\bin\jli.dll
0x00007ffe8ec70000 - 0x00007ffe8ed1f000 	C:\Windows\System32\ADVAPI32.dll
0x00007ffe8d1d0000 - 0x00007ffe8d26e000 	C:\Windows\System32\msvcrt.dll
0x00007ffe8cfd0000 - 0x00007ffe8d06f000 	C:\Windows\System32\sechost.dll
0x00007ffe8da90000 - 0x00007ffe8dbb3000 	C:\Windows\System32\RPCRT4.dll
0x00007ffe8cca0000 - 0x00007ffe8ccc7000 	C:\Windows\System32\bcrypt.dll
0x00007ffe8e800000 - 0x00007ffe8e99d000 	C:\Windows\System32\USER32.dll
0x00007ffe8cb10000 - 0x00007ffe8cb32000 	C:\Windows\System32\win32u.dll
0x00007ffe75e70000 - 0x00007ffe7610a000 	C:\Windows\WinSxS\amd64_microsoft.windows.common-controls_6595b64144ccf1df_6.0.19041.5794_none_60bcd33171f2783c\COMCTL32.dll
0x00007ffe8d840000 - 0x00007ffe8d86b000 	C:\Windows\System32\GDI32.dll
0x00007ffe8c560000 - 0x00007ffe8c67a000 	C:\Windows\System32\gdi32full.dll
0x00007ffe8ccd0000 - 0x00007ffe8cd6d000 	C:\Windows\System32\msvcp_win.dll
0x00007ffe823b0000 - 0x00007ffe823ba000 	C:\Windows\SYSTEM32\VERSION.dll
0x00007ffe8d810000 - 0x00007ffe8d83f000 	C:\Windows\System32\IMM32.DLL
0x00007ffe84f90000 - 0x00007ffe84f9c000 	C:\Program Files\Java\jdk-17\bin\vcruntime140_1.dll
0x00007ffe6d830000 - 0x00007ffe6d8be000 	C:\Program Files\Java\jdk-17\bin\msvcp140.dll
0x00007ffe1c830000 - 0x00007ffe1d410000 	C:\Program Files\Java\jdk-17\bin\server\jvm.dll
0x00007ffe8e3a0000 - 0x00007ffe8e3a8000 	C:\Windows\System32\PSAPI.DLL
0x00007ffe84270000 - 0x00007ffe84279000 	C:\Windows\SYSTEM32\WSOCK32.dll
0x00007ffe75c20000 - 0x00007ffe75c47000 	C:\Windows\SYSTEM32\WINMM.dll
0x00007ffe8d940000 - 0x00007ffe8d9ab000 	C:\Windows\System32\WS2_32.dll
0x00007ffe8ad30000 - 0x00007ffe8ad42000 	C:\Windows\SYSTEM32\kernel.appcore.dll
0x00007ffe84cd0000 - 0x00007ffe84cda000 	C:\Program Files\Java\jdk-17\bin\jimage.dll
0x00007ffe870d0000 - 0x00007ffe872b4000 	C:\Windows\SYSTEM32\DBGHELP.DLL
0x00007ffe6c5e0000 - 0x00007ffe6c614000 	C:\Windows\SYSTEM32\dbgcore.DLL
0x00007ffe8c780000 - 0x00007ffe8c802000 	C:\Windows\System32\bcryptPrimitives.dll
0x00007ffe82030000 - 0x00007ffe82055000 	C:\Program Files\Java\jdk-17\bin\java.dll
0x00007ffe5b690000 - 0x00007ffe5b767000 	C:\Program Files\Java\jdk-17\bin\jsvml.dll
0x00007ffe8dc20000 - 0x00007ffe8e38e000 	C:\Windows\System32\SHELL32.dll
0x00007ffe8a570000 - 0x00007ffe8ad13000 	C:\Windows\SYSTEM32\windows.storage.dll
0x00007ffe8e3b0000 - 0x00007ffe8e703000 	C:\Windows\System32\combase.dll
0x00007ffe8be70000 - 0x00007ffe8be9b000 	C:\Windows\SYSTEM32\Wldp.dll
0x00007ffe8cea0000 - 0x00007ffe8cf6d000 	C:\Windows\System32\OLEAUT32.dll
0x00007ffe8d100000 - 0x00007ffe8d1ad000 	C:\Windows\System32\SHCORE.dll
0x00007ffe8e7a0000 - 0x00007ffe8e7f5000 	C:\Windows\System32\shlwapi.dll
0x00007ffe8c440000 - 0x00007ffe8c465000 	C:\Windows\SYSTEM32\profapi.dll
0x00007ffe81170000 - 0x00007ffe81189000 	C:\Program Files\Java\jdk-17\bin\net.dll
0x00007ffe7fd80000 - 0x00007ffe7fe8a000 	C:\Windows\SYSTEM32\WINHTTP.dll
0x00007ffe8bbd0000 - 0x00007ffe8bc3c000 	C:\Windows\system32\mswsock.dll
0x00007ffe7e600000 - 0x00007ffe7e616000 	C:\Program Files\Java\jdk-17\bin\nio.dll
0x00007ffe7e550000 - 0x00007ffe7e568000 	C:\Program Files\Java\jdk-17\bin\zip.dll
0x00007ffe84260000 - 0x00007ffe84270000 	C:\Program Files\Java\jdk-17\bin\verify.dll
0x00007ffe8b8f0000 - 0x00007ffe8b9ba000 	C:\Windows\SYSTEM32\DNSAPI.dll
0x00007ffe8b8b0000 - 0x00007ffe8b8eb000 	C:\Windows\SYSTEM32\IPHLPAPI.DLL
0x00007ffe8e390000 - 0x00007ffe8e398000 	C:\Windows\System32\NSI.dll
0x00007ffe768c0000 - 0x00007ffe768ca000 	C:\Windows\System32\rasadhlp.dll
0x00007ffe76900000 - 0x00007ffe76980000 	C:\Windows\System32\fwpuclnt.dll
0x00007ffe8bdd0000 - 0x00007ffe8bde8000 	C:\Windows\SYSTEM32\CRYPTSP.dll
0x00007ffe8b4f0000 - 0x00007ffe8b528000 	C:\Windows\system32\rsaenh.dll
0x00007ffe8c400000 - 0x00007ffe8c42e000 	C:\Windows\SYSTEM32\USERENV.dll
0x00007ffe8bdc0000 - 0x00007ffe8bdcc000 	C:\Windows\SYSTEM32\CRYPTBASE.dll
0x00007ffe80d20000 - 0x00007ffe80d37000 	C:\Windows\SYSTEM32\dhcpcsvc6.DLL
0x00007ffe81220000 - 0x00007ffe8123d000 	C:\Windows\SYSTEM32\dhcpcsvc.DLL
0x00007ffe83ec0000 - 0x00007ffe83ece000 	C:\Program Files\Java\jdk-17\bin\sunmscapi.dll
0x00007ffe8cb40000 - 0x00007ffe8cc9d000 	C:\Windows\System32\CRYPT32.dll
0x00007ffe8bf40000 - 0x00007ffe8bf67000 	C:\Windows\SYSTEM32\ncrypt.dll
0x00007ffe8bf00000 - 0x00007ffe8bf3b000 	C:\Windows\SYSTEM32\NTASN1.dll
0x00007ffe82470000 - 0x00007ffe82477000 	C:\Windows\system32\wshunix.dll
0x00007ffe82a70000 - 0x00007ffe82a7a000 	C:\Program Files\Java\jdk-17\bin\management.dll
0x00007ffe81bf0000 - 0x00007ffe81bfb000 	C:\Program Files\Java\jdk-17\bin\management_ext.dll
0x00007ffe5cc30000 - 0x00007ffe5cc47000 	C:\Windows\system32\napinsp.dll
0x00007ffe5cc50000 - 0x00007ffe5cc6b000 	C:\Windows\system32\pnrpnsp.dll
0x00007ffe85a40000 - 0x00007ffe85a55000 	C:\Windows\system32\wshbth.dll
0x00007ffe84ea0000 - 0x00007ffe84ebd000 	C:\Windows\system32\NLAapi.dll
0x00007ffe5cc70000 - 0x00007ffe5cc82000 	C:\Windows\System32\winrnr.dll

dbghelp: loaded successfully - version: 4.0.5 - missing functions: none
symbol engine: initialized successfully - sym options: 0x614 - pdb path: .;C:\Program Files\Java\jdk-17\bin;C:\Windows\SYSTEM32;C:\Windows\WinSxS\amd64_microsoft.windows.common-controls_6595b64144ccf1df_6.0.19041.5794_none_60bcd33171f2783c;C:\Program Files\Java\jdk-17\bin\server

VM Arguments:
jvm_args: -ea -Dfile.encoding=UTF-8 -Dstdout.encoding=UTF-8 -Dstderr.encoding=UTF-8 -XX:+ShowCodeDetailsInExceptionMessages --add-opens=jdk.compiler/com.sun.tools.javac.processing=ALL-UNNAMED 
java_command: org.testng.remote.RemoteTestNG -serport 56851 -protocol json -d D:\Core Modules\Capium_BK_3.0\test-output C:\Users\user\AppData\Local\Temp\testng-eclipse--1452780949\testng-customsuite.xml
java_class_path (initial): D:\eclipse\configuration\org.eclipse.osgi\883\0\.cp\lib\testng-remote.jar;D:\Core Modules\Capium_BK_3.0\target\test-classes;D:\Core Modules\Capium_BK_3.0\target\classes;C:\Users\user\.m2\repository\org\seleniumhq\selenium\selenium-java\4.23.0\selenium-java-4.23.0.jar;C:\Users\user\.m2\repository\org\seleniumhq\selenium\selenium-api\4.23.0\selenium-api-4.23.0.jar;C:\Users\user\.m2\repository\org\seleniumhq\selenium\selenium-chrome-driver\4.23.0\selenium-chrome-driver-4.23.0.jar;C:\Users\user\.m2\repository\com\google\auto\service\auto-service-annotations\1.1.1\auto-service-annotations-1.1.1.jar;C:\Users\user\.m2\repository\org\seleniumhq\selenium\selenium-chromium-driver\4.23.0\selenium-chromium-driver-4.23.0.jar;C:\Users\user\.m2\repository\org\seleniumhq\selenium\selenium-json\4.23.0\selenium-json-4.23.0.jar;C:\Users\user\.m2\repository\org\seleniumhq\selenium\selenium-manager\4.23.0\selenium-manager-4.23.0.jar;C:\Users\user\.m2\repository\org\seleniumhq\selenium\selenium-devtools-v125\4.23.0\selenium-devtools-v125-4.23.0.jar;C:\Users\user\.m2\repository\org\seleniumhq\selenium\selenium-devtools-v126\4.23.0\selenium-devtools-v126-4.23.0.jar;C:\Users\user\.m2\repository\org\seleniumhq\selenium\selenium-devtools-v127\4.23.0\selenium-devtools-v127-4.23.0.jar;C:\Users\user\.m2\repository\org\seleniumhq\selenium\selenium-devtools-v85\4.23.0\selenium-devtools-v85-4.23.0.jar;C:\Users\user\.m2\repository\org\seleniumhq\selenium\selenium-edge-driver\4.23.0\selenium-edge-driver-4.23.0.jar;C:\Users\user\.m2\repository\org\seleniumhq\selenium\selenium-firefox-driver\4.23.0\selenium-firefox-driver-4.23.0.jar;C:\Users\user\.m2\repository\org\seleniumhq\selenium\selenium-http\4.23.0\selenium-http-4.23.0.jar;C:\Users\user\.m2\repository\dev\failsafe\failsafe\3.3.2\failsafe-3.3.2.jar;C:\Users\user\.m2\repository\org\seleniumhq\selenium\selenium-ie-driver\4.23.0\selenium-ie-driver-4.23.0.jar;C:\Users\user\.m2\repository\org\seleniumhq\selenium\selenium-r
Launcher Type: SUN_STANDARD

[Global flags]
     intx CICompilerCount                          = 4                                         {product} {ergonomic}
     uint ConcGCThreads                            = 2                                         {product} {ergonomic}
     uint G1ConcRefinementThreads                  = 8                                         {product} {ergonomic}
   size_t G1HeapRegionSize                         = 2097152                                   {product} {ergonomic}
    uintx GCDrainStackTargetSize                   = 64                                        {product} {ergonomic}
   size_t InitialHeapSize                          = 266338304                                 {product} {ergonomic}
   size_t MarkStackSize                            = 4194304                                   {product} {ergonomic}
   size_t MaxHeapSize                              = 4259315712                                {product} {ergonomic}
   size_t MaxNewSize                               = 2554331136                                {product} {ergonomic}
   size_t MinHeapDeltaBytes                        = 2097152                                   {product} {ergonomic}
   size_t MinHeapSize                              = 8388608                                   {product} {ergonomic}
    uintx NonNMethodCodeHeapSize                   = 5839372                                {pd product} {ergonomic}
    uintx NonProfiledCodeHeapSize                  = 122909434                              {pd product} {ergonomic}
    uintx ProfiledCodeHeapSize                     = 122909434                              {pd product} {ergonomic}
    uintx ReservedCodeCacheSize                    = 251658240                              {pd product} {ergonomic}
     bool SegmentedCodeCache                       = true                                      {product} {ergonomic}
     bool ShowCodeDetailsInExceptionMessages       = true                                   {manageable} {command line}
   size_t SoftMaxHeapSize                          = 4259315712                             {manageable} {ergonomic}
     bool UseCompressedClassPointers               = true                           {product lp64_product} {ergonomic}
     bool UseCompressedOops                        = true                           {product lp64_product} {ergonomic}
     bool UseG1GC                                  = true                                      {product} {ergonomic}
     bool UseLargePagesIndividualAllocation        = false                                  {pd product} {ergonomic}

Logging:
Log output configuration:
 #0: stdout all=warning uptime,level,tags
 #1: stderr all=off uptime,level,tags

Environment Variables:
JAVA_HOME=C:\Program Files\Java\jdk-17
PATH=D:/eclipse//plugins/org.eclipse.justj.openjdk.hotspot.jre.full.win32.x86_64_21.0.7.v20250502-0916/jre/bin/server;D:/eclipse//plugins/org.eclipse.justj.openjdk.hotspot.jre.full.win32.x86_64_21.0.7.v20250502-0916/jre/bin;C:\Windows\System32\Wbem;C:\Windows\System32\WindowsPowerShell\v1.0\;C:\Windows\System32\OpenSSH\;C:\Program Files\Java\jdk-17\bin;C:\apache-maven-3.9.9\bin;C:\Users\user\AppData\Local\Microsoft\WindowsApps;;D:\eclipse;
USERNAME=user
OS=Windows_NT
PROCESSOR_IDENTIFIER=Intel64 Family 6 Model 142 Stepping 10, GenuineIntel



---------------  S Y S T E M  ---------------

OS:
 Windows 10 , 64 bit Build 19041 (10.0.19041.5794)
OS uptime: 33 days 8:43 hours

CPU: total 8 (initial active 8) (4 cores per cpu, 2 threads per core) family 6 model 142 stepping 10 microcode 0xf6, cx8, cmov, fxsr, ht, mmx, 3dnowpref, sse, sse2, sse3, ssse3, sse4.1, sse4.2, popcnt, lzcnt, tsc, tscinvbit, avx, avx2, aes, erms, clmul, bmi1, bmi2, rtm, adx, fma, vzeroupper, clflush, clflushopt

Memory: 4k page, system-wide physical 16242M (1304M free)
TotalPageFile size 34910M (AvailPageFile size 4M)
current process WorkingSet (physical memory assigned to process): 181M, peak: 188M
current process commit charge ("private bytes"): 222M, peak: 398M

vm_info: Java HotSpot(TM) 64-Bit Server VM (17.0.12+8-LTS-286) for windows-amd64 JRE (17.0.12+8-LTS-286), built on Jun  5 2024 06:46:59 by "mach5one" with MS VC++ 17.6 (VS2022)

END.
